app/build/outputs/apk/manifest-merger-debug-report.txt
-- Merging decision tree log ---
manifest
ADDED from AndroidManifest.xml:2:1
	xmlns:android
		ADDED from AndroidManifest.xml:2:11
	package
		ADDED from AndroidManifest.xml:3:5
		INJECTED from AndroidManifest.xml:0:0
		INJECTED from AndroidManifest.xml:0:0
	android:versionName
		ADDED from AndroidManifest.xml:5:5
	android:versionCode
		ADDED from AndroidManifest.xml:4:5
		INJECTED from AndroidManifest.xml:0:0
		INJECTED from AndroidManifest.xml:0:0
uses-sdk
ADDED from AndroidManifest.xml:7:5
MERGED from com.android.support:support-v4:21.0.0:15:5
MERGED from com.google.android.gms:play-services:6.5.87:18:5
MERGED from com.android.support:support-v4:21.0.0:15:5
	android:targetSdkVersion
		ADDED from AndroidManifest.xml:9:9
		INJECTED from AndroidManifest.xml:0:0
		INJECTED from AndroidManifest.xml:0:0
	android:minSdkVersion
		ADDED from AndroidManifest.xml:8:9
		INJECTED from AndroidManifest.xml:0:0
		INJECTED from AndroidManifest.xml:0:0
uses-permission#android.permission.INTERNET
ADDED from AndroidManifest.xml:11:5
	android:name
		ADDED from AndroidManifest.xml:11:22
uses-permission#android.permission.GET_ACCOUNTS
ADDED from AndroidManifest.xml:12:5
	android:name
		ADDED from AndroidManifest.xml:12:22
uses-permission#android.permission.WAKE_LOCK
ADDED from AndroidManifest.xml:13:5
	android:name
		ADDED from AndroidManifest.xml:13:22
permission#com.google.android.gcm.demo.app.permission.C2D_MESSAGE
ADDED from AndroidManifest.xml:15:5
	android:protectionLevel
		ADDED from AndroidManifest.xml:17:9
	android:name
		ADDED from AndroidManifest.xml:16:9
uses-permission#com.google.android.gcm.demo.app.permission.C2D_MESSAGE
ADDED from AndroidManifest.xml:19:5
	android:name
		ADDED from AndroidManifest.xml:19:22
uses-permission#com.google.android.c2dm.permission.RECEIVE
ADDED from AndroidManifest.xml:20:5
	android:name
		ADDED from AndroidManifest.xml:20:22
uses-permission#android.permission.ACCESS_NETWORK_STATE
ADDED from AndroidManifest.xml:21:5
	android:name
		ADDED from AndroidManifest.xml:21:22
uses-permission#android.permission.RECEIVE_SMS
ADDED from AndroidManifest.xml:22:5
	android:name
		ADDED from AndroidManifest.xml:22:22
uses-permission#android.permission.READ_PHONE_STATE
ADDED from AndroidManifest.xml:23:5
	android:name
		ADDED from AndroidManifest.xml:23:22
uses-permission#android.permission.CALL_PHONE
ADDED from AndroidManifest.xml:24:5
	android:name
		ADDED from AndroidManifest.xml:24:22
uses-permission#android.permission.ACCESS_FINE_LOCATION
ADDED from AndroidManifest.xml:25:5
	android:name
		ADDED from AndroidManifest.xml:25:22
uses-permission#android.permission.READ_EXTERNAL_STORAGE
ADDED from AndroidManifest.xml:26:5
	android:name
		ADDED from AndroidManifest.xml:26:22
uses-permission#android.permission.WRITE_EXTERNAL_STORAGE
ADDED from AndroidManifest.xml:27:5
	android:name
		ADDED from AndroidManifest.xml:27:22
uses-permission#android.permission.CAMERA
ADDED from AndroidManifest.xml:28:5
	android:name
		ADDED from AndroidManifest.xml:28:22
uses-permission#com.google.android.apps.photos.permission.GOOGLE_PHOTOS
ADDED from AndroidManifest.xml:29:5
	android:name
		ADDED from AndroidManifest.xml:29:22
uses-permission#com.google.android.gallery3d.permission.GALLERY_PROVIDER
ADDED from AndroidManifest.xml:30:5
	android:name
		ADDED from AndroidManifest.xml:30:22
uses-permission#android.permission.READ_LOGS
ADDED from AndroidManifest.xml:31:5
	android:name
		ADDED from AndroidManifest.xml:31:22
permission#com.octoberry.rcbankmobile.permission.C2D_CHAT_MESSAGE
ADDED from AndroidManifest.xml:33:5
	android:protectionLevel
		ADDED from AndroidManifest.xml:35:9
	android:name
		ADDED from AndroidManifest.xml:34:9
uses-permission#com.octoberry.rcbankmobile.permission.C2D_CHAT_MESSAGE
ADDED from AndroidManifest.xml:37:5
	android:name
		ADDED from AndroidManifest.xml:37:22
application
ADDED from AndroidManifest.xml:39:5
MERGED from com.android.support:support-v4:21.0.0:16:5
MERGED from com.google.android.gms:play-services:6.5.87:20:5
MERGED from com.android.support:support-v4:21.0.0:16:5
	android:label
		ADDED from AndroidManifest.xml:43:9
	android:allowBackup
		ADDED from AndroidManifest.xml:41:9
	android:icon
		ADDED from AndroidManifest.xml:42:9
	android:theme
		ADDED from AndroidManifest.xml:44:9
	android:name
		ADDED from AndroidManifest.xml:40:9
activity#com.octoberry.rcbankmobile.SplashActivity
ADDED from AndroidManifest.xml:58:9
	android:theme
		ADDED from AndroidManifest.xml:60:13
	android:name
		ADDED from AndroidManifest.xml:59:13
intent-filter#android.intent.action.MAIN+android.intent.category.LAUNCHER
ADDED from AndroidManifest.xml:61:13
action#android.intent.action.MAIN
ADDED from AndroidManifest.xml:62:17
	android:name
		ADDED from AndroidManifest.xml:62:25
category#android.intent.category.LAUNCHER
ADDED from AndroidManifest.xml:64:17
	android:name
		ADDED from AndroidManifest.xml:64:27
activity#com.octoberry.rcbankmobile.RegistryActivity
ADDED from AndroidManifest.xml:67:9
	android:theme
		ADDED from AndroidManifest.xml:69:13
	android:name
		ADDED from AndroidManifest.xml:68:13
activity#com.octoberry.rcbankmobile.TimelineActivity
ADDED from AndroidManifest.xml:71:9
	android:theme
		ADDED from AndroidManifest.xml:73:13
	android:name
		ADDED from AndroidManifest.xml:72:13
activity#com.octoberry.rcbankmobile.AccountActivateActivity
ADDED from AndroidManifest.xml:75:9
	android:theme
		ADDED from AndroidManifest.xml:77:13
	android:name
		ADDED from AndroidManifest.xml:76:13
activity#com.octoberry.rcbankmobile.LoginActivity
ADDED from AndroidManifest.xml:79:9
	android:theme
		ADDED from AndroidManifest.xml:81:13
	android:name
		ADDED from AndroidManifest.xml:80:13
activity#com.octoberry.rcbankmobile.AccountCreateActivity
ADDED from AndroidManifest.xml:83:9
	android:configChanges
		ADDED from AndroidManifest.xml:85:13
	android:theme
		ADDED from AndroidManifest.xml:86:13
	android:name
		ADDED from AndroidManifest.xml:84:13
activity#com.octoberry.rcbankmobile.AccountOpenActivity
ADDED from AndroidManifest.xml:88:9
	android:theme
		ADDED from AndroidManifest.xml:90:13
	android:name
		ADDED from AndroidManifest.xml:89:13
activity#com.octoberry.rcbankmobile.ChooseTimeActivity
ADDED from AndroidManifest.xml:92:9
	android:theme
		ADDED from AndroidManifest.xml:94:13
	android:name
		ADDED from AndroidManifest.xml:93:13
activity#com.octoberry.rcbankmobile.AccountStatusActivity
ADDED from AndroidManifest.xml:96:9
	android:screenOrientation
		ADDED from AndroidManifest.xml:99:13
	android:theme
		ADDED from AndroidManifest.xml:100:13
	android:name
		ADDED from AndroidManifest.xml:97:13
	android:launchMode
		ADDED from AndroidManifest.xml:98:13
activity#com.octoberry.rcbankmobile.AccountReadyActivity
ADDED from AndroidManifest.xml:102:9
	android:theme
		ADDED from AndroidManifest.xml:104:13
	android:name
		ADDED from AndroidManifest.xml:103:13
activity#com.octoberry.rcbankmobile.chat.ChatActivity
ADDED from AndroidManifest.xml:136:9
	android:windowSoftInputMode
		ADDED from AndroidManifest.xml:139:13
	android:theme
		ADDED from AndroidManifest.xml:138:13
	android:name
		ADDED from AndroidManifest.xml:137:13
activity#com.octoberry.rcbankmobile.SnilsActivity
ADDED from AndroidManifest.xml:141:9
	android:theme
		ADDED from AndroidManifest.xml:143:13
	android:name
		ADDED from AndroidManifest.xml:142:13
receiver#com.octoberry.rcbankmobile.gcm.GcmBroadcastReceiver
ADDED from AndroidManifest.xml:146:9
	android:permission
		ADDED from AndroidManifest.xml:148:13
	android:name
		ADDED from AndroidManifest.xml:147:13
intent-filter#com.google.android.c2dm.intent.RECEIVE+com.google.android.c2dm.intent.REGISTRATION+com.octoberry.rcbankmobile.gcm
ADDED from AndroidManifest.xml:149:13
action#com.google.android.c2dm.intent.RECEIVE
ADDED from AndroidManifest.xml:150:17
	android:name
		ADDED from AndroidManifest.xml:150:25
action#com.google.android.c2dm.intent.REGISTRATION
ADDED from AndroidManifest.xml:151:17
	android:name
		ADDED from AndroidManifest.xml:151:25
category#com.octoberry.rcbankmobile.gcm
ADDED from AndroidManifest.xml:153:17
	android:name
		ADDED from AndroidManifest.xml:153:27
service#com.octoberry.rcbankmobile.gcm.GCMIntentService
ADDED from AndroidManifest.xml:157:9
	android:name
		ADDED from AndroidManifest.xml:157:18
service#com.octoberry.rcbankmobile.chat.ChatService
ADDED from AndroidManifest.xml:158:9
	android:name
		ADDED from AndroidManifest.xml:158:18
meta-data#com.google.android.gms.version
ADDED from AndroidManifest.xml:160:9
MERGED from com.google.android.gms:play-services:6.5.87:21:9
	android:name
		ADDED from AndroidManifest.xml:161:13
	android:value
		ADDED from AndroidManifest.xml:162:13
activity#com.octoberry.rcbankmobile.DashboardActivity
ADDED from AndroidManifest.xml:164:9
	android:theme
		ADDED from AndroidManifest.xml:166:13
	android:name
		ADDED from AndroidManifest.xml:165:13
activity#com.octoberry.rcbankmobile.payment.PaymentMenuActivity
ADDED from AndroidManifest.xml:170:9
	android:theme
		ADDED from AndroidManifest.xml:173:13
	android:name
		ADDED from AndroidManifest.xml:171:13
	android:launchMode
		ADDED from AndroidManifest.xml:172:13
intent-filter#android.intent.action.EDIT+android.intent.action.VIEW+android.intent.category.DEFAULT
ADDED from AndroidManifest.xml:174:13
action#android.intent.action.VIEW
ADDED from AndroidManifest.xml:175:17
	android:name
		ADDED from AndroidManifest.xml:175:25
action#android.intent.action.EDIT
ADDED from AndroidManifest.xml:176:17
	android:name
		ADDED from AndroidManifest.xml:176:25
category#android.intent.category.DEFAULT
ADDED from AndroidManifest.xml:177:17
	android:name
		ADDED from AndroidManifest.xml:177:27
data
ADDED from AndroidManifest.xml:178:17
	android:mimeType
		ADDED from AndroidManifest.xml:180:21
	android:pathPattern
		ADDED from AndroidManifest.xml:181:21
	android:host
		ADDED from AndroidManifest.xml:179:21
activity#com.octoberry.rcbankmobile.payment.PaymentReceiverActivity
ADDED from AndroidManifest.xml:193:9
	android:theme
		ADDED from AndroidManifest.xml:195:13
	android:name
		ADDED from AndroidManifest.xml:194:13
activity#com.octoberry.rcbankmobile.payment.PaymentDescriptionActivity
ADDED from AndroidManifest.xml:197:9
	android:theme
		ADDED from AndroidManifest.xml:199:13
	android:name
		ADDED from AndroidManifest.xml:198:13
activity#com.octoberry.rcbankmobile.payment.PaymentSummActivity
ADDED from AndroidManifest.xml:201:9
	android:theme
		ADDED from AndroidManifest.xml:203:13
	android:name
		ADDED from AndroidManifest.xml:202:13
activity#com.octoberry.rcbankmobile.payment.PaymentAccountActivity
ADDED from AndroidManifest.xml:205:9
	android:theme
		ADDED from AndroidManifest.xml:207:13
	android:name
		ADDED from AndroidManifest.xml:206:13
activity#com.octoberry.rcbankmobile.payment.PaymentConfirmActivity
ADDED from AndroidManifest.xml:209:9
	android:theme
		ADDED from AndroidManifest.xml:211:13
	android:name
		ADDED from AndroidManifest.xml:210:13
activity#com.octoberry.rcbankmobile.payment.PaymentResultActivity
ADDED from AndroidManifest.xml:213:9
	android:theme
		ADDED from AndroidManifest.xml:215:13
	android:name
		ADDED from AndroidManifest.xml:214:13